{"message":"Initializing Database.","level":"info","timestamp":"2020-02-11 07:05:44"}
{"message":"Opening database.","level":"info","timestamp":"2020-02-11 07:05:44"}
{"message":"Stamp[1581397544871] - Running statement - \n\n\r\n\r\nCREATE TABLE IF NOT EXISTS dewey_summary (\r\n\tdewey_summary_id INTEGER PRIMARY KEY,\r\n\tsummary_id INTEGER,\r\n\tname TEXT\r\n);\r\n\r\nCREATE TABLE IF NOT EXISTS dewey_summary_2 (\r\n\tdewey_summary_2_id INTEGER PRIMARY KEY,\r\n\tsummary_2_id INTEGER,\r\n\tsummary_id INTEGER,\r\n\tname TEXT,\r\n\tCONSTRAINT fk_summary_id FOREIGN KEY(summary_id) REFERENCES dewey_summary(summary_id)\r\n);\r\n\r\nCREATE TABLE IF NOT EXISTS dewey_summary_3 (\r\n\tdewey_summary_3_id INTEGER PRIMARY KEY,\r\n\tsummary_3_id INTEGER,\r\n\tsummary_2_id INTEGER,\r\n\tname TEXT,\r\n\tCONSTRAINT fk_summary_2_id FOREIGN KEY(summary_2_id) REFERENCES dewey_summary_2(summary_2_id)\r\n);\r\n\r\nCREATE TABLE IF NOT EXISTS dewey_decimal (\r\n\tdewey_decimal_id INTEGER PRIMARY KEY,\r\n\tsummary_3_id INTEGER,\r\n\tdecimal_id INTEGER,\r\n\tname TEXT,\r\n\tCONSTRAINT fk_summary_3_id FOREIGN KEY(summary_3_id) REFERENCES dewey_summary_3(summary_3_id)\r\n);\r\n\r\nCREATE TABLE IF NOT EXISTS author (\r\n\tauthor_id INTEGER PRIMARY KEY,\r\n\tname TEXT,\r\n\tsecond_name TEXT,\r\n\tsurname TEXT\r\n);\r\n\r\nCREATE TABLE IF NOT EXISTS book (\r\n\tbook_id INTEGER PRIMARY KEY,\r\n\tauthor_id INTEGER,\r\n\tdewey_decimal_id INTEGER,\r\n\tcall_number TEXT,\r\n\tname TEXT,\r\n\tpublisher TEXT, \r\n\tcreated_on TEXT,\r\n\tCONSTRAINT fk_author_id FOREIGN KEY(author_id) REFERENCES author(author_id),\r\n\tCONSTRAINT fk_dewey_decimal_id FOREIGN KEY(dewey_decimal_id) REFERENCES dewey_decimal(dewey_decimal_id)\r\n);\r\n\r\nCREATE TABLE IF NOT EXISTS student ( \r\n\tstudent_id INTEGER PRIMARY KEY,\r\n\tfirst_name TEXT NOT NULL,\r\n\tlast_name TEXT NOT NULL,\r\n\tbirthdate TEXT NOT NULL,\r\n\tmother_name text,\r\n\tmother_mobile TEXT,\r\n\tmother_email TEXT,\r\n\tfather_name TEXT,\r\n\tfather_mobile TEXT,\r\n\tfather_email TEXT,\r\n\tclass_id INTEGER NOT NULL,\r\n\tis_active INTEGER NOT NULL,\r\n\tCONSTRAINT fk_class_id FOREIGN KEY(class_id) REFERENCES class(class_id)\r\n);\r\n\r\nCREATE TABLE IF NOT EXISTS teacher (\r\n\tteacher_id INTEGER PRIMARY KEY,\r\n\tfirst_name TEXT,\r\n\tlast_name TEXT,\r\n\tmobile TEXT,\r\n\temail TEXT,\r\n    class_id INTEGER,\r\n    is_active INTEGER,\r\n    CONSTRAINT fk_class_id FOREIGN KEY(class_id) REFERENCES class(class_id)\r\n);\r\n\r\n CREATE TABLE IF NOT EXISTS class (\r\n\tclass_id INTEGER PRIMARY KEY,\r\n\tclass_name TEXT,\r\n\tgrade INTEGER,\r\n\tis_active INTEGER\r\n);\n\n with params.","level":"info","timestamp":"2020-02-11 07:05:44"}
{"message":"Stamp[1581397544871] - Closed Db.","level":"info","timestamp":"2020-02-11 07:05:45"}
{"message":"Stamp[1581397544871] - Completed successfully.","level":"info","timestamp":"2020-02-11 07:05:45"}
{"message":"Database successfully initialized.","level":"info","timestamp":"2020-02-11 07:05:45"}
{"message":"Opening database.","level":"info","timestamp":"2020-02-11 07:05:45"}
{"message":"Stamp[1581397545871] - Running statement \n    SELECT\n        *\n    FROM\n        dewey_summary_3\n    LIMIT 1;\n with params undefined.","level":"info","timestamp":"2020-02-11 07:05:45"}
{"message":"Database successfully checked, initialized and seeded.","level":"info","timestamp":"2020-02-11 07:05:45"}
{"message":"Stamp[1581397545871] - Closed Db.","level":"info","timestamp":"2020-02-11 07:05:45"}
{"message":"Stamp[1581397545871] - Returned 0 row(s)","level":"info","timestamp":"2020-02-11 07:05:45"}
{"message":"Opening database.","level":"info","timestamp":"2020-02-11 07:05:45"}
{"message":"Stamp[1581397545881] - Running statement - \n\nINSERT INTO dewey_summary_3 (summary_3_id, summary_2_id, name)\r\nVALUES (101,100,'Theory of philosophy'),\r\n(102,100,'Miscellany of philosophy'),\r\n(103,100,'Dictionaries & encyclopedias'),\r\n(104,100,'[Unassigned]'),\r\n(105,100,'Serial publications of philosophy'),\r\n(106,100,'Organizations & management'),\r\n(107,100,'Education, research & related topics'),\r\n(108,100,'Groups of people'),\r\n(109,100,'History and collected biography'),\r\n(111,110,'Ontology'),\r\n(112,110,'[Unassigned]'),\r\n(113,110,'Cosmology (Philosophy of nature)'),\r\n(114,110,'Space'),\r\n(115,110,'Time'),\r\n(116,110,'Change'),\r\n(117,110,'Structure'),\r\n(118,110,'Force and energy'),\r\n(119,110,'Number and quantity'),\r\n(121,120,'Epistemology (Theory of knowledge)'),\r\n(122,120,'Causation'),\r\n(123,120,'Determinism and indeterminism'),\r\n(124,120,'Teleology'),\r\n(125,120,'[Unassigned]'),\r\n(126,120,'The self'),\r\n(127,120,'The unconscious and the subconscious'),\r\n(128,120,'Humankind'),\r\n(129,120,'Origin and destiny of individual souls'),\r\n(131,130,'Parapsychological and occult methods'),\r\n(132,130,'[Unassigned]'),\r\n(133,130,'Specific topics in parapsychology & occultism'),\r\n(134,130,'[Unassigned]'),\r\n(135,130,'Dreams and mysteries'),\r\n(136,130,'[Unassigned]'),\r\n(137,130,'Divinatory graphology'),\r\n(138,130,'Physiognomy'),\r\n(139,130,'Phrenology'),\r\n(141,140,'Idealism and related systems'),\r\n(142,140,'Critical philosophy'),\r\n(143,140,'Bergsonism and intuitionism'),\r\n(144,140,'Humanism and related systems'),\r\n(145,140,'Sensationalism'),\r\n(146,140,'Naturalism and related systems'),\r\n(147,140,'Pantheism and related systems'),\r\n(148,140,'Dogmatism, eclecticism, liberalism, etc.'),\r\n(149,140,'Other philosophical systems and doctrines'),\r\n(151,150,'[Unassigned]'),\r\n(152,150,'Perception, movement, emotions & drives'),\r\n(153,150,'Conscious mental processes & intelligence'),\r\n(154,150,'Subconscious & altered states'),\r\n(155,150,'Differential & developmental psychology'),\r\n(156,150,'Comparative psychology'),\r\n(157,150,'[Unassigned]'),\r\n(158,150,'Applied psychology'),\r\n(159,150,'[Unassigned]'),\r\n(161,160,'Induction'),\r\n(162,160,'Deduction'),\r\n(163,160,'[Unassigned]'),\r\n(164,160,'[Unassigned]'),\r\n(165,160,'Fallacies and sources of error'),\r\n(166,160,'Syllogisms'),\r\n(167,160,'Hypotheses'),\r\n(168,160,'Argument and persuasion'),\r\n(169,160,'Analogy'),\r\n(171,170,'Ethical systems'),\r\n(172,170,'Political ethics'),\r\n(173,170,'Ethics of family relationships'),\r\n(174,170,'Occupational ethics'),\r\n(175,170,'Ethics of recreation & leisure'),\r\n(176,170,'Ethics of sex and reproduction'),\r\n(177,170,'Ethics of social relations'),\r\n(178,170,'Ethics of consumption'),\r\n(179,170,'Other ethical norms'),\r\n(181,180,'Eastern philosophy'),\r\n(182,180,'Pre-Socratic Greek philosophies'),\r\n(183,180,'Sophistic, Socratic, related philosophies'),\r\n(184,180,'Platonic philosophy'),\r\n(185,180,'Aristotelian philosophy'),\r\n(186,180,'Skeptic and Neoplatonic philosophies'),\r\n(187,180,'Epicurean philosophy'),\r\n(188,180,'Stoic philosophy'),\r\n(189,180,'Medieval western philosophy'),\r\n(191,190,'Philosophy of United States and Canada'),\r\n(192,190,'Philosophy of British Isles'),\r\n(193,190,'Philosophy of Germany and Austria'),\r\n(194,190,'Philosophy of France'),\r\n(195,190,'Philosophy of Italy'),\r\n(196,190,'Philosophy of Spain and Portugal'),\r\n(197,190,'Philosophy of Russia'),\r\n(198,190,'Philosophy of Scandinavia and Finland'),\r\n(199,190,'Philosophy of other geographic areas ')\n\n with params {}.","level":"info","timestamp":"2020-02-11 07:05:45"}
{"message":"Stamp[1581397545881] - Closed Db.","level":"info","timestamp":"2020-02-11 07:05:45"}
{"message":"Stamp[1581397545881] - Completed successfully.","level":"info","timestamp":"2020-02-11 07:05:45"}
{"message":"table[dewey_summary_3] has been populated.","level":"info","timestamp":"2020-02-11 07:05:45"}
{"message":"Opening database.","level":"info","timestamp":"2020-02-11 07:05:45"}
{"message":"Stamp[1581397545967] - Running statement \n    SELECT\n        *\n    FROM\n        dewey_summary_3\n    LIMIT 1;\n with params undefined.","level":"info","timestamp":"2020-02-11 07:05:45"}
{"message":"Stamp[1581397545967] - Closed Db.","level":"info","timestamp":"2020-02-11 07:05:45"}
{"message":"Stamp[1581397545967] - Returned 1 row(s)","level":"info","timestamp":"2020-02-11 07:05:45"}
{"message":"table[dewey_summary_3] already has data. Skipping seed.","level":"info","timestamp":"2020-02-11 07:05:45"}
{"message":"Opening database.","level":"info","timestamp":"2020-02-11 07:05:45"}
{"message":"Stamp[1581397545975] - Running statement \n    SELECT\n        *\n    FROM\n        dewey_summary_3\n    LIMIT 1;\n with params undefined.","level":"info","timestamp":"2020-02-11 07:05:45"}
{"message":"Stamp[1581397545975] - Closed Db.","level":"info","timestamp":"2020-02-11 07:05:45"}
{"message":"Stamp[1581397545975] - Returned 1 row(s)","level":"info","timestamp":"2020-02-11 07:05:45"}
{"message":"table[dewey_summary_3] already has data. Skipping seed.","level":"info","timestamp":"2020-02-11 07:05:45"}
{"message":"Opening database.","level":"info","timestamp":"2020-02-11 07:05:45"}
{"message":"Stamp[1581397545979] - Running statement \n    SELECT\n        *\n    FROM\n        dewey_summary_3\n    LIMIT 1;\n with params undefined.","level":"info","timestamp":"2020-02-11 07:05:45"}
{"message":"Stamp[1581397545979] - Closed Db.","level":"info","timestamp":"2020-02-11 07:05:45"}
{"message":"Stamp[1581397545979] - Returned 1 row(s)","level":"info","timestamp":"2020-02-11 07:05:45"}
{"message":"table[dewey_summary_3] already has data. Skipping seed.","level":"info","timestamp":"2020-02-11 07:05:45"}
{"message":"Opening database.","level":"info","timestamp":"2020-02-11 07:05:45"}
{"message":"Stamp[1581397545982] - Running statement \n    SELECT\n        *\n    FROM\n        dewey_summary_3\n    LIMIT 1;\n with params undefined.","level":"info","timestamp":"2020-02-11 07:05:45"}
{"message":"Stamp[1581397545982] - Closed Db.","level":"info","timestamp":"2020-02-11 07:05:45"}
{"message":"Stamp[1581397545982] - Returned 1 row(s)","level":"info","timestamp":"2020-02-11 07:05:45"}
{"message":"table[dewey_summary_3] already has data. Skipping seed.","level":"info","timestamp":"2020-02-11 07:05:45"}
{"message":"Opening database.","level":"info","timestamp":"2020-02-11 07:05:45"}
{"message":"Stamp[1581397545985] - Running statement \n    SELECT\n        *\n    FROM\n        dewey_summary_3\n    LIMIT 1;\n with params undefined.","level":"info","timestamp":"2020-02-11 07:05:45"}
{"message":"Stamp[1581397545985] - Closed Db.","level":"info","timestamp":"2020-02-11 07:05:45"}
{"message":"Stamp[1581397545985] - Returned 1 row(s)","level":"info","timestamp":"2020-02-11 07:05:45"}
{"message":"table[dewey_summary_3] already has data. Skipping seed.","level":"info","timestamp":"2020-02-11 07:05:45"}
{"message":"Opening database.","level":"info","timestamp":"2020-02-11 07:05:45"}
{"message":"Stamp[1581397545988] - Running statement \n    SELECT\n        *\n    FROM\n        dewey_summary_3\n    LIMIT 1;\n with params undefined.","level":"info","timestamp":"2020-02-11 07:05:45"}
{"message":"Stamp[1581397545988] - Closed Db.","level":"info","timestamp":"2020-02-11 07:05:45"}
{"message":"Stamp[1581397545988] - Returned 1 row(s)","level":"info","timestamp":"2020-02-11 07:05:45"}
{"message":"table[dewey_summary_3] already has data. Skipping seed.","level":"info","timestamp":"2020-02-11 07:05:45"}
{"message":"Opening database.","level":"info","timestamp":"2020-02-11 07:05:45"}
{"message":"Stamp[1581397545991] - Running statement \n    SELECT\n        *\n    FROM\n        dewey_summary_3\n    LIMIT 1;\n with params undefined.","level":"info","timestamp":"2020-02-11 07:05:45"}
{"message":"Stamp[1581397545991] - Closed Db.","level":"info","timestamp":"2020-02-11 07:05:45"}
{"message":"Stamp[1581397545991] - Returned 1 row(s)","level":"info","timestamp":"2020-02-11 07:05:45"}
{"message":"table[dewey_summary_3] already has data. Skipping seed.","level":"info","timestamp":"2020-02-11 07:05:45"}
{"message":"Opening database.","level":"info","timestamp":"2020-02-11 07:05:45"}
{"message":"Stamp[1581397545993] - Running statement \n    SELECT\n        *\n    FROM\n        dewey_summary_3\n    LIMIT 1;\n with params undefined.","level":"info","timestamp":"2020-02-11 07:05:45"}
{"message":"Stamp[1581397545993] - Closed Db.","level":"info","timestamp":"2020-02-11 07:05:45"}
{"message":"Stamp[1581397545993] - Returned 1 row(s)","level":"info","timestamp":"2020-02-11 07:05:45"}
{"message":"table[dewey_summary_3] already has data. Skipping seed.","level":"info","timestamp":"2020-02-11 07:05:45"}
{"message":"Initializing Database.","level":"info","timestamp":"2020-02-11 07:07:19"}
{"message":"Opening database.","level":"info","timestamp":"2020-02-11 07:07:20"}
{"message":"Stamp[1581397640083] - Running statement - \n\n\r\n\r\nCREATE TABLE IF NOT EXISTS dewey_summary (\r\n\tdewey_summary_id INTEGER PRIMARY KEY,\r\n\tsummary_id INTEGER,\r\n\tname TEXT\r\n);\r\n\r\nCREATE TABLE IF NOT EXISTS dewey_summary_2 (\r\n\tdewey_summary_2_id INTEGER PRIMARY KEY,\r\n\tsummary_2_id INTEGER,\r\n\tsummary_id INTEGER,\r\n\tname TEXT,\r\n\tCONSTRAINT fk_summary_id FOREIGN KEY(summary_id) REFERENCES dewey_summary(summary_id)\r\n);\r\n\r\nCREATE TABLE IF NOT EXISTS dewey_summary_3 (\r\n\tdewey_summary_3_id INTEGER PRIMARY KEY,\r\n\tsummary_3_id INTEGER,\r\n\tsummary_2_id INTEGER,\r\n\tname TEXT,\r\n\tCONSTRAINT fk_summary_2_id FOREIGN KEY(summary_2_id) REFERENCES dewey_summary_2(summary_2_id)\r\n);\r\n\r\nCREATE TABLE IF NOT EXISTS dewey_decimal (\r\n\tdewey_decimal_id INTEGER PRIMARY KEY,\r\n\tsummary_3_id INTEGER,\r\n\tdecimal_id INTEGER,\r\n\tname TEXT,\r\n\tCONSTRAINT fk_summary_3_id FOREIGN KEY(summary_3_id) REFERENCES dewey_summary_3(summary_3_id)\r\n);\r\n\r\nCREATE TABLE IF NOT EXISTS author (\r\n\tauthor_id INTEGER PRIMARY KEY,\r\n\tname TEXT,\r\n\tsecond_name TEXT,\r\n\tsurname TEXT\r\n);\r\n\r\nCREATE TABLE IF NOT EXISTS book (\r\n\tbook_id INTEGER PRIMARY KEY,\r\n\tauthor_id INTEGER,\r\n\tdewey_decimal_id INTEGER,\r\n\tcall_number TEXT,\r\n\tname TEXT,\r\n\tpublisher TEXT, \r\n\tcreated_on TEXT,\r\n\tCONSTRAINT fk_author_id FOREIGN KEY(author_id) REFERENCES author(author_id),\r\n\tCONSTRAINT fk_dewey_decimal_id FOREIGN KEY(dewey_decimal_id) REFERENCES dewey_decimal(dewey_decimal_id)\r\n);\r\n\r\nCREATE TABLE IF NOT EXISTS student ( \r\n\tstudent_id INTEGER PRIMARY KEY,\r\n\tfirst_name TEXT NOT NULL,\r\n\tlast_name TEXT NOT NULL,\r\n\tbirthdate TEXT NOT NULL,\r\n\tmother_name text,\r\n\tmother_mobile TEXT,\r\n\tmother_email TEXT,\r\n\tfather_name TEXT,\r\n\tfather_mobile TEXT,\r\n\tfather_email TEXT,\r\n\tclass_id INTEGER NOT NULL,\r\n\tis_active INTEGER NOT NULL,\r\n\tCONSTRAINT fk_class_id FOREIGN KEY(class_id) REFERENCES class(class_id)\r\n);\r\n\r\nCREATE TABLE IF NOT EXISTS teacher (\r\n\tteacher_id INTEGER PRIMARY KEY,\r\n\tfirst_name TEXT,\r\n\tlast_name TEXT,\r\n\tmobile TEXT,\r\n\temail TEXT,\r\n    class_id INTEGER,\r\n    is_active INTEGER,\r\n    CONSTRAINT fk_class_id FOREIGN KEY(class_id) REFERENCES class(class_id)\r\n);\r\n\r\n CREATE TABLE IF NOT EXISTS class (\r\n\tclass_id INTEGER PRIMARY KEY,\r\n\tclass_name TEXT,\r\n\tgrade INTEGER,\r\n\tis_active INTEGER\r\n);\n\n with params.","level":"info","timestamp":"2020-02-11 07:07:20"}
{"message":"Stamp[1581397640083] - Closed Db.","level":"info","timestamp":"2020-02-11 07:07:20"}
{"message":"Stamp[1581397640083] - Completed successfully.","level":"info","timestamp":"2020-02-11 07:07:20"}
{"message":"Database successfully initialized.","level":"info","timestamp":"2020-02-11 07:07:20"}
{"message":"Opening database.","level":"info","timestamp":"2020-02-11 07:07:20"}
{"message":"Stamp[1581397640107] - Running statement \n    SELECT\n        *\n    FROM\n        dewey_summary_3\n    LIMIT 1;\n with params undefined.","level":"info","timestamp":"2020-02-11 07:07:20"}
{"message":"Database successfully checked, initialized and seeded.","level":"info","timestamp":"2020-02-11 07:07:20"}
{"message":"Stamp[1581397640107] - Closed Db.","level":"info","timestamp":"2020-02-11 07:07:20"}
{"message":"Stamp[1581397640107] - Returned 1 row(s)","level":"info","timestamp":"2020-02-11 07:07:20"}
{"message":"table[dewey_summary_3] already has data. Skipping seed.","level":"info","timestamp":"2020-02-11 07:07:20"}
{"message":"Opening database.","level":"info","timestamp":"2020-02-11 07:07:20"}
{"message":"Stamp[1581397640111] - Running statement \n    SELECT\n        *\n    FROM\n        dewey_summary_3\n    LIMIT 1;\n with params undefined.","level":"info","timestamp":"2020-02-11 07:07:20"}
{"message":"Stamp[1581397640111] - Closed Db.","level":"info","timestamp":"2020-02-11 07:07:20"}
{"message":"Stamp[1581397640111] - Returned 1 row(s)","level":"info","timestamp":"2020-02-11 07:07:20"}
{"message":"table[dewey_summary_3] already has data. Skipping seed.","level":"info","timestamp":"2020-02-11 07:07:20"}
{"message":"Opening database.","level":"info","timestamp":"2020-02-11 07:07:20"}
{"message":"Stamp[1581397640114] - Running statement \n    SELECT\n        *\n    FROM\n        dewey_summary_3\n    LIMIT 1;\n with params undefined.","level":"info","timestamp":"2020-02-11 07:07:20"}
{"message":"Stamp[1581397640114] - Closed Db.","level":"info","timestamp":"2020-02-11 07:07:20"}
{"message":"Stamp[1581397640114] - Returned 1 row(s)","level":"info","timestamp":"2020-02-11 07:07:20"}
{"message":"table[dewey_summary_3] already has data. Skipping seed.","level":"info","timestamp":"2020-02-11 07:07:20"}
{"message":"Opening database.","level":"info","timestamp":"2020-02-11 07:07:20"}
{"message":"Stamp[1581397640117] - Running statement \n    SELECT\n        *\n    FROM\n        dewey_summary_3\n    LIMIT 1;\n with params undefined.","level":"info","timestamp":"2020-02-11 07:07:20"}
{"message":"Stamp[1581397640117] - Closed Db.","level":"info","timestamp":"2020-02-11 07:07:20"}
{"message":"Stamp[1581397640117] - Returned 1 row(s)","level":"info","timestamp":"2020-02-11 07:07:20"}
{"message":"table[dewey_summary_3] already has data. Skipping seed.","level":"info","timestamp":"2020-02-11 07:07:20"}
{"message":"Opening database.","level":"info","timestamp":"2020-02-11 07:07:20"}
{"message":"Stamp[1581397640120] - Running statement \n    SELECT\n        *\n    FROM\n        dewey_summary_3\n    LIMIT 1;\n with params undefined.","level":"info","timestamp":"2020-02-11 07:07:20"}
{"message":"Stamp[1581397640120] - Closed Db.","level":"info","timestamp":"2020-02-11 07:07:20"}
{"message":"Stamp[1581397640120] - Returned 1 row(s)","level":"info","timestamp":"2020-02-11 07:07:20"}
{"message":"table[dewey_summary_3] already has data. Skipping seed.","level":"info","timestamp":"2020-02-11 07:07:20"}
{"message":"Opening database.","level":"info","timestamp":"2020-02-11 07:07:20"}
{"message":"Stamp[1581397640122] - Running statement \n    SELECT\n        *\n    FROM\n        dewey_summary_3\n    LIMIT 1;\n with params undefined.","level":"info","timestamp":"2020-02-11 07:07:20"}
{"message":"Stamp[1581397640122] - Closed Db.","level":"info","timestamp":"2020-02-11 07:07:20"}
{"message":"Stamp[1581397640122] - Returned 1 row(s)","level":"info","timestamp":"2020-02-11 07:07:20"}
{"message":"table[dewey_summary_3] already has data. Skipping seed.","level":"info","timestamp":"2020-02-11 07:07:20"}
{"message":"Opening database.","level":"info","timestamp":"2020-02-11 07:07:20"}
{"message":"Stamp[1581397640125] - Running statement \n    SELECT\n        *\n    FROM\n        dewey_summary_3\n    LIMIT 1;\n with params undefined.","level":"info","timestamp":"2020-02-11 07:07:20"}
{"message":"Stamp[1581397640125] - Closed Db.","level":"info","timestamp":"2020-02-11 07:07:20"}
{"message":"Stamp[1581397640125] - Returned 1 row(s)","level":"info","timestamp":"2020-02-11 07:07:20"}
{"message":"table[dewey_summary_3] already has data. Skipping seed.","level":"info","timestamp":"2020-02-11 07:07:20"}
{"message":"Opening database.","level":"info","timestamp":"2020-02-11 07:07:20"}
{"message":"Stamp[1581397640129] - Running statement \n    SELECT\n        *\n    FROM\n        dewey_summary_3\n    LIMIT 1;\n with params undefined.","level":"info","timestamp":"2020-02-11 07:07:20"}
{"message":"Stamp[1581397640129] - Closed Db.","level":"info","timestamp":"2020-02-11 07:07:20"}
{"message":"Stamp[1581397640129] - Returned 1 row(s)","level":"info","timestamp":"2020-02-11 07:07:20"}
{"message":"table[dewey_summary_3] already has data. Skipping seed.","level":"info","timestamp":"2020-02-11 07:07:20"}
{"message":"Opening database.","level":"info","timestamp":"2020-02-11 07:07:20"}
{"message":"Stamp[1581397640134] - Running statement \n    SELECT\n        *\n    FROM\n        dewey_summary_3\n    LIMIT 1;\n with params undefined.","level":"info","timestamp":"2020-02-11 07:07:20"}
{"message":"Stamp[1581397640134] - Closed Db.","level":"info","timestamp":"2020-02-11 07:07:20"}
{"message":"Stamp[1581397640134] - Returned 1 row(s)","level":"info","timestamp":"2020-02-11 07:07:20"}
{"message":"table[dewey_summary_3] already has data. Skipping seed.","level":"info","timestamp":"2020-02-11 07:07:20"}
{"message":"Initializing Database.","level":"info","timestamp":"2020-02-11 07:07:26"}
{"message":"Opening database.","level":"info","timestamp":"2020-02-11 07:07:27"}
{"message":"Stamp[1581397647250] - Running statement - \n\n\r\n\r\nCREATE TABLE IF NOT EXISTS dewey_summary (\r\n\tdewey_summary_id INTEGER PRIMARY KEY,\r\n\tsummary_id INTEGER,\r\n\tname TEXT\r\n);\r\n\r\nCREATE TABLE IF NOT EXISTS dewey_summary_2 (\r\n\tdewey_summary_2_id INTEGER PRIMARY KEY,\r\n\tsummary_2_id INTEGER,\r\n\tsummary_id INTEGER,\r\n\tname TEXT,\r\n\tCONSTRAINT fk_summary_id FOREIGN KEY(summary_id) REFERENCES dewey_summary(summary_id)\r\n);\r\n\r\nCREATE TABLE IF NOT EXISTS dewey_summary_3 (\r\n\tdewey_summary_3_id INTEGER PRIMARY KEY,\r\n\tsummary_3_id INTEGER,\r\n\tsummary_2_id INTEGER,\r\n\tname TEXT,\r\n\tCONSTRAINT fk_summary_2_id FOREIGN KEY(summary_2_id) REFERENCES dewey_summary_2(summary_2_id)\r\n);\r\n\r\nCREATE TABLE IF NOT EXISTS dewey_decimal (\r\n\tdewey_decimal_id INTEGER PRIMARY KEY,\r\n\tsummary_3_id INTEGER,\r\n\tdecimal_id INTEGER,\r\n\tname TEXT,\r\n\tCONSTRAINT fk_summary_3_id FOREIGN KEY(summary_3_id) REFERENCES dewey_summary_3(summary_3_id)\r\n);\r\n\r\nCREATE TABLE IF NOT EXISTS author (\r\n\tauthor_id INTEGER PRIMARY KEY,\r\n\tname TEXT,\r\n\tsecond_name TEXT,\r\n\tsurname TEXT\r\n);\r\n\r\nCREATE TABLE IF NOT EXISTS book (\r\n\tbook_id INTEGER PRIMARY KEY,\r\n\tauthor_id INTEGER,\r\n\tdewey_decimal_id INTEGER,\r\n\tcall_number TEXT,\r\n\tname TEXT,\r\n\tpublisher TEXT, \r\n\tcreated_on TEXT,\r\n\tCONSTRAINT fk_author_id FOREIGN KEY(author_id) REFERENCES author(author_id),\r\n\tCONSTRAINT fk_dewey_decimal_id FOREIGN KEY(dewey_decimal_id) REFERENCES dewey_decimal(dewey_decimal_id)\r\n);\r\n\r\nCREATE TABLE IF NOT EXISTS student ( \r\n\tstudent_id INTEGER PRIMARY KEY,\r\n\tfirst_name TEXT NOT NULL,\r\n\tlast_name TEXT NOT NULL,\r\n\tbirthdate TEXT NOT NULL,\r\n\tmother_name text,\r\n\tmother_mobile TEXT,\r\n\tmother_email TEXT,\r\n\tfather_name TEXT,\r\n\tfather_mobile TEXT,\r\n\tfather_email TEXT,\r\n\tclass_id INTEGER NOT NULL,\r\n\tis_active INTEGER NOT NULL,\r\n\tCONSTRAINT fk_class_id FOREIGN KEY(class_id) REFERENCES class(class_id)\r\n);\r\n\r\nCREATE TABLE IF NOT EXISTS teacher (\r\n\tteacher_id INTEGER PRIMARY KEY,\r\n\tfirst_name TEXT,\r\n\tlast_name TEXT,\r\n\tmobile TEXT,\r\n\temail TEXT,\r\n    class_id INTEGER,\r\n    is_active INTEGER,\r\n    CONSTRAINT fk_class_id FOREIGN KEY(class_id) REFERENCES class(class_id)\r\n);\r\n\r\n CREATE TABLE IF NOT EXISTS class (\r\n\tclass_id INTEGER PRIMARY KEY,\r\n\tclass_name TEXT,\r\n\tgrade INTEGER,\r\n\tis_active INTEGER\r\n);\n\n with params.","level":"info","timestamp":"2020-02-11 07:07:27"}
{"message":"Stamp[1581397647250] - Closed Db.","level":"info","timestamp":"2020-02-11 07:07:27"}
{"message":"Stamp[1581397647250] - Completed successfully.","level":"info","timestamp":"2020-02-11 07:07:27"}
{"message":"Database successfully initialized.","level":"info","timestamp":"2020-02-11 07:07:27"}
{"message":"Opening database.","level":"info","timestamp":"2020-02-11 07:07:27"}
{"message":"Stamp[1581397647263] - Running statement \n    SELECT\n        *\n    FROM\n        dewey_summary_3\n    LIMIT 1;\n with params undefined.","level":"info","timestamp":"2020-02-11 07:07:27"}
{"message":"Database successfully checked, initialized and seeded.","level":"info","timestamp":"2020-02-11 07:07:27"}
{"message":"Stamp[1581397647263] - Closed Db.","level":"info","timestamp":"2020-02-11 07:07:27"}
{"message":"Stamp[1581397647263] - Returned 1 row(s)","level":"info","timestamp":"2020-02-11 07:07:27"}
{"message":"table[dewey_summary_3] already has data. Skipping seed.","level":"info","timestamp":"2020-02-11 07:07:27"}
{"message":"Opening database.","level":"info","timestamp":"2020-02-11 07:07:27"}
{"message":"Stamp[1581397647267] - Running statement \n    SELECT\n        *\n    FROM\n        dewey_summary_3\n    LIMIT 1;\n with params undefined.","level":"info","timestamp":"2020-02-11 07:07:27"}
{"message":"Stamp[1581397647267] - Closed Db.","level":"info","timestamp":"2020-02-11 07:07:27"}
{"message":"Stamp[1581397647267] - Returned 1 row(s)","level":"info","timestamp":"2020-02-11 07:07:27"}
{"message":"table[dewey_summary_3] already has data. Skipping seed.","level":"info","timestamp":"2020-02-11 07:07:27"}
{"message":"Opening database.","level":"info","timestamp":"2020-02-11 07:07:27"}
{"message":"Stamp[1581397647270] - Running statement \n    SELECT\n        *\n    FROM\n        dewey_summary_3\n    LIMIT 1;\n with params undefined.","level":"info","timestamp":"2020-02-11 07:07:27"}
{"message":"Stamp[1581397647270] - Closed Db.","level":"info","timestamp":"2020-02-11 07:07:27"}
{"message":"Stamp[1581397647270] - Returned 1 row(s)","level":"info","timestamp":"2020-02-11 07:07:27"}
{"message":"table[dewey_summary_3] already has data. Skipping seed.","level":"info","timestamp":"2020-02-11 07:07:27"}
{"message":"Opening database.","level":"info","timestamp":"2020-02-11 07:07:27"}
{"message":"Stamp[1581397647273] - Running statement \n    SELECT\n        *\n    FROM\n        dewey_summary_3\n    LIMIT 1;\n with params undefined.","level":"info","timestamp":"2020-02-11 07:07:27"}
{"message":"Stamp[1581397647273] - Closed Db.","level":"info","timestamp":"2020-02-11 07:07:27"}
{"message":"Stamp[1581397647273] - Returned 1 row(s)","level":"info","timestamp":"2020-02-11 07:07:27"}
{"message":"table[dewey_summary_3] already has data. Skipping seed.","level":"info","timestamp":"2020-02-11 07:07:27"}
{"message":"Opening database.","level":"info","timestamp":"2020-02-11 07:07:27"}
{"message":"Stamp[1581397647276] - Running statement \n    SELECT\n        *\n    FROM\n        dewey_summary_3\n    LIMIT 1;\n with params undefined.","level":"info","timestamp":"2020-02-11 07:07:27"}
{"message":"Stamp[1581397647276] - Closed Db.","level":"info","timestamp":"2020-02-11 07:07:27"}
{"message":"Stamp[1581397647276] - Returned 1 row(s)","level":"info","timestamp":"2020-02-11 07:07:27"}
{"message":"table[dewey_summary_3] already has data. Skipping seed.","level":"info","timestamp":"2020-02-11 07:07:27"}
{"message":"Opening database.","level":"info","timestamp":"2020-02-11 07:07:27"}
{"message":"Stamp[1581397647279] - Running statement \n    SELECT\n        *\n    FROM\n        dewey_summary_3\n    LIMIT 1;\n with params undefined.","level":"info","timestamp":"2020-02-11 07:07:27"}
{"message":"Stamp[1581397647279] - Closed Db.","level":"info","timestamp":"2020-02-11 07:07:27"}
{"message":"Stamp[1581397647279] - Returned 1 row(s)","level":"info","timestamp":"2020-02-11 07:07:27"}
{"message":"table[dewey_summary_3] already has data. Skipping seed.","level":"info","timestamp":"2020-02-11 07:07:27"}
{"message":"Opening database.","level":"info","timestamp":"2020-02-11 07:07:27"}
{"message":"Stamp[1581397647282] - Running statement \n    SELECT\n        *\n    FROM\n        dewey_summary_3\n    LIMIT 1;\n with params undefined.","level":"info","timestamp":"2020-02-11 07:07:27"}
{"message":"Stamp[1581397647282] - Closed Db.","level":"info","timestamp":"2020-02-11 07:07:27"}
{"message":"Stamp[1581397647282] - Returned 1 row(s)","level":"info","timestamp":"2020-02-11 07:07:27"}
{"message":"table[dewey_summary_3] already has data. Skipping seed.","level":"info","timestamp":"2020-02-11 07:07:27"}
{"message":"Opening database.","level":"info","timestamp":"2020-02-11 07:07:27"}
{"message":"Stamp[1581397647286] - Running statement \n    SELECT\n        *\n    FROM\n        dewey_summary_3\n    LIMIT 1;\n with params undefined.","level":"info","timestamp":"2020-02-11 07:07:27"}
{"message":"Stamp[1581397647286] - Closed Db.","level":"info","timestamp":"2020-02-11 07:07:27"}
{"message":"Stamp[1581397647286] - Returned 1 row(s)","level":"info","timestamp":"2020-02-11 07:07:27"}
{"message":"table[dewey_summary_3] already has data. Skipping seed.","level":"info","timestamp":"2020-02-11 07:07:27"}
{"message":"Opening database.","level":"info","timestamp":"2020-02-11 07:07:27"}
{"message":"Stamp[1581397647289] - Running statement \n    SELECT\n        *\n    FROM\n        dewey_summary_3\n    LIMIT 1;\n with params undefined.","level":"info","timestamp":"2020-02-11 07:07:27"}
{"message":"Stamp[1581397647289] - Closed Db.","level":"info","timestamp":"2020-02-11 07:07:27"}
{"message":"Stamp[1581397647289] - Returned 1 row(s)","level":"info","timestamp":"2020-02-11 07:07:27"}
{"message":"table[dewey_summary_3] already has data. Skipping seed.","level":"info","timestamp":"2020-02-11 07:07:27"}
{"message":"Initializing Database.","level":"info","timestamp":"2020-02-11 07:10:13"}
{"message":"Opening database.","level":"info","timestamp":"2020-02-11 07:10:13"}
{"message":"Stamp[1581397813445] - Running statement - \n\n\r\n\r\nCREATE TABLE IF NOT EXISTS dewey_summary (\r\n\tdewey_summary_id INTEGER PRIMARY KEY,\r\n\tsummary_id INTEGER,\r\n\tname TEXT\r\n);\r\n\r\nCREATE TABLE IF NOT EXISTS dewey_summary_2 (\r\n\tdewey_summary_2_id INTEGER PRIMARY KEY,\r\n\tsummary_2_id INTEGER,\r\n\tsummary_id INTEGER,\r\n\tname TEXT,\r\n\tCONSTRAINT fk_summary_id FOREIGN KEY(summary_id) REFERENCES dewey_summary(summary_id)\r\n);\r\n\r\nCREATE TABLE IF NOT EXISTS dewey_summary_3 (\r\n\tdewey_summary_3_id INTEGER PRIMARY KEY,\r\n\tsummary_3_id INTEGER,\r\n\tsummary_2_id INTEGER,\r\n\tname TEXT,\r\n\tCONSTRAINT fk_summary_2_id FOREIGN KEY(summary_2_id) REFERENCES dewey_summary_2(summary_2_id)\r\n);\r\n\r\nCREATE TABLE IF NOT EXISTS dewey_decimal (\r\n\tdewey_decimal_id INTEGER PRIMARY KEY,\r\n\tsummary_3_id INTEGER,\r\n\tdecimal_id INTEGER,\r\n\tname TEXT,\r\n\tCONSTRAINT fk_summary_3_id FOREIGN KEY(summary_3_id) REFERENCES dewey_summary_3(summary_3_id)\r\n);\r\n\r\nCREATE TABLE IF NOT EXISTS author (\r\n\tauthor_id INTEGER PRIMARY KEY,\r\n\tname TEXT,\r\n\tsecond_name TEXT,\r\n\tsurname TEXT\r\n);\r\n\r\nCREATE TABLE IF NOT EXISTS book (\r\n\tbook_id INTEGER PRIMARY KEY,\r\n\tauthor_id INTEGER,\r\n\tdewey_decimal_id INTEGER,\r\n\tcall_number TEXT,\r\n\tname TEXT,\r\n\tpublisher TEXT, \r\n\tcreated_on TEXT,\r\n\tCONSTRAINT fk_author_id FOREIGN KEY(author_id) REFERENCES author(author_id),\r\n\tCONSTRAINT fk_dewey_decimal_id FOREIGN KEY(dewey_decimal_id) REFERENCES dewey_decimal(dewey_decimal_id)\r\n);\r\n\r\nCREATE TABLE IF NOT EXISTS student ( \r\n\tstudent_id INTEGER PRIMARY KEY,\r\n\tfirst_name TEXT NOT NULL,\r\n\tlast_name TEXT NOT NULL,\r\n\tbirthdate TEXT NOT NULL,\r\n\tmother_name text,\r\n\tmother_mobile TEXT,\r\n\tmother_email TEXT,\r\n\tfather_name TEXT,\r\n\tfather_mobile TEXT,\r\n\tfather_email TEXT,\r\n\tclass_id INTEGER NOT NULL,\r\n\tis_active INTEGER NOT NULL,\r\n\tCONSTRAINT fk_class_id FOREIGN KEY(class_id) REFERENCES class(class_id)\r\n);\r\n\r\nCREATE TABLE IF NOT EXISTS teacher (\r\n\tteacher_id INTEGER PRIMARY KEY,\r\n\tfirst_name TEXT,\r\n\tlast_name TEXT,\r\n\tmobile TEXT,\r\n\temail TEXT,\r\n    class_id INTEGER,\r\n    is_active INTEGER,\r\n    CONSTRAINT fk_class_id FOREIGN KEY(class_id) REFERENCES class(class_id)\r\n);\r\n\r\n CREATE TABLE IF NOT EXISTS class (\r\n\tclass_id INTEGER PRIMARY KEY,\r\n\tclass_name TEXT,\r\n\tgrade INTEGER,\r\n\tis_active INTEGER\r\n);\n\n with params.","level":"info","timestamp":"2020-02-11 07:10:13"}
{"message":"Stamp[1581397813445] - Closed Db.","level":"info","timestamp":"2020-02-11 07:10:13"}
{"message":"Stamp[1581397813445] - Completed successfully.","level":"info","timestamp":"2020-02-11 07:10:13"}
{"message":"Database successfully initialized.","level":"info","timestamp":"2020-02-11 07:10:13"}
{"message":"Opening database.","level":"info","timestamp":"2020-02-11 07:10:13"}
{"message":"Stamp[1581397813476] - Running statement \n    SELECT\n        *\n    FROM\n        dewey_summary_3\n    LIMIT 1;\n with params undefined.","level":"info","timestamp":"2020-02-11 07:10:13"}
{"message":"Database successfully checked, initialized and seeded.","level":"info","timestamp":"2020-02-11 07:10:13"}
{"message":"Stamp[1581397813476] - Closed Db.","level":"info","timestamp":"2020-02-11 07:10:13"}
{"message":"Stamp[1581397813476] - Returned 1 row(s)","level":"info","timestamp":"2020-02-11 07:10:13"}
{"message":"table[dewey_summary_3] already has data. Skipping seed.","level":"info","timestamp":"2020-02-11 07:10:13"}
{"message":"Opening database.","level":"info","timestamp":"2020-02-11 07:10:13"}
{"message":"Stamp[1581397813480] - Running statement \n    SELECT\n        *\n    FROM\n        dewey_summary_3\n    LIMIT 1;\n with params undefined.","level":"info","timestamp":"2020-02-11 07:10:13"}
{"message":"Stamp[1581397813480] - Closed Db.","level":"info","timestamp":"2020-02-11 07:10:13"}
{"message":"Stamp[1581397813480] - Returned 1 row(s)","level":"info","timestamp":"2020-02-11 07:10:13"}
{"message":"table[dewey_summary_3] already has data. Skipping seed.","level":"info","timestamp":"2020-02-11 07:10:13"}
{"message":"Opening database.","level":"info","timestamp":"2020-02-11 07:10:13"}
{"message":"Stamp[1581397813483] - Running statement \n    SELECT\n        *\n    FROM\n        dewey_summary_3\n    LIMIT 1;\n with params undefined.","level":"info","timestamp":"2020-02-11 07:10:13"}
{"message":"Stamp[1581397813483] - Closed Db.","level":"info","timestamp":"2020-02-11 07:10:13"}
{"message":"Stamp[1581397813483] - Returned 1 row(s)","level":"info","timestamp":"2020-02-11 07:10:13"}
{"message":"table[dewey_summary_3] already has data. Skipping seed.","level":"info","timestamp":"2020-02-11 07:10:13"}
{"message":"Opening database.","level":"info","timestamp":"2020-02-11 07:10:13"}
{"message":"Stamp[1581397813486] - Running statement \n    SELECT\n        *\n    FROM\n        dewey_summary_3\n    LIMIT 1;\n with params undefined.","level":"info","timestamp":"2020-02-11 07:10:13"}
{"message":"Stamp[1581397813486] - Closed Db.","level":"info","timestamp":"2020-02-11 07:10:13"}
{"message":"Stamp[1581397813486] - Returned 1 row(s)","level":"info","timestamp":"2020-02-11 07:10:13"}
{"message":"table[dewey_summary_3] already has data. Skipping seed.","level":"info","timestamp":"2020-02-11 07:10:13"}
{"message":"Opening database.","level":"info","timestamp":"2020-02-11 07:10:13"}
{"message":"Stamp[1581397813489] - Running statement \n    SELECT\n        *\n    FROM\n        dewey_summary_3\n    LIMIT 1;\n with params undefined.","level":"info","timestamp":"2020-02-11 07:10:13"}
{"message":"Stamp[1581397813489] - Closed Db.","level":"info","timestamp":"2020-02-11 07:10:13"}
{"message":"Stamp[1581397813489] - Returned 1 row(s)","level":"info","timestamp":"2020-02-11 07:10:13"}
{"message":"table[dewey_summary_3] already has data. Skipping seed.","level":"info","timestamp":"2020-02-11 07:10:13"}
{"message":"Opening database.","level":"info","timestamp":"2020-02-11 07:10:13"}
{"message":"Stamp[1581397813491] - Running statement \n    SELECT\n        *\n    FROM\n        dewey_summary_3\n    LIMIT 1;\n with params undefined.","level":"info","timestamp":"2020-02-11 07:10:13"}
{"message":"Stamp[1581397813491] - Closed Db.","level":"info","timestamp":"2020-02-11 07:10:13"}
{"message":"Stamp[1581397813491] - Returned 1 row(s)","level":"info","timestamp":"2020-02-11 07:10:13"}
{"message":"table[dewey_summary_3] already has data. Skipping seed.","level":"info","timestamp":"2020-02-11 07:10:13"}
{"message":"Opening database.","level":"info","timestamp":"2020-02-11 07:10:13"}
{"message":"Stamp[1581397813495] - Running statement \n    SELECT\n        *\n    FROM\n        dewey_summary_3\n    LIMIT 1;\n with params undefined.","level":"info","timestamp":"2020-02-11 07:10:13"}
{"message":"Stamp[1581397813495] - Closed Db.","level":"info","timestamp":"2020-02-11 07:10:13"}
{"message":"Stamp[1581397813495] - Returned 1 row(s)","level":"info","timestamp":"2020-02-11 07:10:13"}
{"message":"table[dewey_summary_3] already has data. Skipping seed.","level":"info","timestamp":"2020-02-11 07:10:13"}
{"message":"Opening database.","level":"info","timestamp":"2020-02-11 07:10:13"}
{"message":"Stamp[1581397813500] - Running statement \n    SELECT\n        *\n    FROM\n        dewey_summary_3\n    LIMIT 1;\n with params undefined.","level":"info","timestamp":"2020-02-11 07:10:13"}
{"message":"Stamp[1581397813500] - Closed Db.","level":"info","timestamp":"2020-02-11 07:10:13"}
{"message":"Stamp[1581397813500] - Returned 1 row(s)","level":"info","timestamp":"2020-02-11 07:10:13"}
{"message":"table[dewey_summary_3] already has data. Skipping seed.","level":"info","timestamp":"2020-02-11 07:10:13"}
{"message":"Opening database.","level":"info","timestamp":"2020-02-11 07:10:13"}
{"message":"Stamp[1581397813504] - Running statement \n    SELECT\n        *\n    FROM\n        dewey_summary_3\n    LIMIT 1;\n with params undefined.","level":"info","timestamp":"2020-02-11 07:10:13"}
{"message":"Stamp[1581397813504] - Closed Db.","level":"info","timestamp":"2020-02-11 07:10:13"}
{"message":"Stamp[1581397813504] - Returned 1 row(s)","level":"info","timestamp":"2020-02-11 07:10:13"}
{"message":"table[dewey_summary_3] already has data. Skipping seed.","level":"info","timestamp":"2020-02-11 07:10:13"}
{"message":"Initializing Database.","level":"info","timestamp":"2020-02-11 07:11:30"}
{"message":"Opening database.","level":"info","timestamp":"2020-02-11 07:11:30"}
{"message":"Stamp[1581397890478] - Running statement - \n\n\r\n\r\nCREATE TABLE IF NOT EXISTS dewey_summary (\r\n\tdewey_summary_id INTEGER PRIMARY KEY,\r\n\tsummary_id INTEGER,\r\n\tname TEXT\r\n);\r\n\r\nCREATE TABLE IF NOT EXISTS dewey_summary_2 (\r\n\tdewey_summary_2_id INTEGER PRIMARY KEY,\r\n\tsummary_2_id INTEGER,\r\n\tsummary_id INTEGER,\r\n\tname TEXT,\r\n\tCONSTRAINT fk_summary_id FOREIGN KEY(summary_id) REFERENCES dewey_summary(summary_id)\r\n);\r\n\r\nCREATE TABLE IF NOT EXISTS dewey_summary_3 (\r\n\tdewey_summary_3_id INTEGER PRIMARY KEY,\r\n\tsummary_3_id INTEGER,\r\n\tsummary_2_id INTEGER,\r\n\tname TEXT,\r\n\tCONSTRAINT fk_summary_2_id FOREIGN KEY(summary_2_id) REFERENCES dewey_summary_2(summary_2_id)\r\n);\r\n\r\nCREATE TABLE IF NOT EXISTS dewey_decimal (\r\n\tdewey_decimal_id INTEGER PRIMARY KEY,\r\n\tsummary_3_id INTEGER,\r\n\tdecimal_id INTEGER,\r\n\tname TEXT,\r\n\tCONSTRAINT fk_summary_3_id FOREIGN KEY(summary_3_id) REFERENCES dewey_summary_3(summary_3_id)\r\n);\r\n\r\nCREATE TABLE IF NOT EXISTS author (\r\n\tauthor_id INTEGER PRIMARY KEY,\r\n\tname TEXT,\r\n\tsecond_name TEXT,\r\n\tsurname TEXT\r\n);\r\n\r\nCREATE TABLE IF NOT EXISTS book (\r\n\tbook_id INTEGER PRIMARY KEY,\r\n\tauthor_id INTEGER,\r\n\tdewey_decimal_id INTEGER,\r\n\tcall_number TEXT,\r\n\tname TEXT,\r\n\tpublisher TEXT, \r\n\tcreated_on TEXT,\r\n\tCONSTRAINT fk_author_id FOREIGN KEY(author_id) REFERENCES author(author_id),\r\n\tCONSTRAINT fk_dewey_decimal_id FOREIGN KEY(dewey_decimal_id) REFERENCES dewey_decimal(dewey_decimal_id)\r\n);\r\n\r\nCREATE TABLE IF NOT EXISTS student ( \r\n\tstudent_id INTEGER PRIMARY KEY,\r\n\tfirst_name TEXT NOT NULL,\r\n\tlast_name TEXT NOT NULL,\r\n\tbirthdate TEXT NOT NULL,\r\n\tmother_name text,\r\n\tmother_mobile TEXT,\r\n\tmother_email TEXT,\r\n\tfather_name TEXT,\r\n\tfather_mobile TEXT,\r\n\tfather_email TEXT,\r\n\tclass_id INTEGER NOT NULL,\r\n\tis_active INTEGER NOT NULL,\r\n\tCONSTRAINT fk_class_id FOREIGN KEY(class_id) REFERENCES class(class_id)\r\n);\r\n\r\nCREATE TABLE IF NOT EXISTS teacher (\r\n\tteacher_id INTEGER PRIMARY KEY,\r\n\tfirst_name TEXT,\r\n\tlast_name TEXT,\r\n\tmobile TEXT,\r\n\temail TEXT,\r\n    class_id INTEGER,\r\n    is_active INTEGER,\r\n    CONSTRAINT fk_class_id FOREIGN KEY(class_id) REFERENCES class(class_id)\r\n);\r\n\r\n CREATE TABLE IF NOT EXISTS class (\r\n\tclass_id INTEGER PRIMARY KEY,\r\n\tclass_name TEXT,\r\n\tgrade INTEGER,\r\n\tis_active INTEGER\r\n);\n\n with params.","level":"info","timestamp":"2020-02-11 07:11:30"}
{"message":"Stamp[1581397890478] - Closed Db.","level":"info","timestamp":"2020-02-11 07:11:30"}
{"message":"Stamp[1581397890478] - Completed successfully.","level":"info","timestamp":"2020-02-11 07:11:30"}
{"message":"Database successfully initialized.","level":"info","timestamp":"2020-02-11 07:11:30"}
{"message":"Opening database.","level":"info","timestamp":"2020-02-11 07:11:30"}
{"message":"Stamp[1581397890493] - Running statement \n    SELECT\n        *\n    FROM\n        dewey_summary_3\n    LIMIT 1;\n with params undefined.","level":"info","timestamp":"2020-02-11 07:11:30"}
{"message":"Database successfully checked, initialized and seeded.","level":"info","timestamp":"2020-02-11 07:11:30"}
{"message":"Stamp[1581397890493] - Closed Db.","level":"info","timestamp":"2020-02-11 07:11:30"}
{"message":"Stamp[1581397890493] - Returned 1 row(s)","level":"info","timestamp":"2020-02-11 07:11:30"}
{"message":"table[dewey_summary_3] already has data. Skipping seed.","level":"info","timestamp":"2020-02-11 07:11:30"}
