{"message":"Initializing Database.","level":"info","timestamp":"2020-02-13 06:58:03"}
{"message":"Opening database.","level":"info","timestamp":"2020-02-13 06:58:03"}
{"message":"Stamp[1581569883701] - Running statement PRAGMA table_info(student) with params undefined.","level":"info","timestamp":"2020-02-13 06:58:03"}
{"level":"error","timestamp":"2020-02-13 06:58:03","message":"There was an error loading file sql\\deweySystemScripts\\undefined - {\"errno\":-4058,\"code\":\"ENOENT\",\"syscall\":\"open\",\"path\":\"D:\\\\Playground\\\\Electron\\\\di\\\\dewey-decimal-app\\\\src\\\\db\\\\sql\\\\deweySystemScripts\\\\undefined\"}","stack":"Error: There was an error loading file sql\\deweySystemScripts\\undefined - {\"errno\":-4058,\"code\":\"ENOENT\",\"syscall\":\"open\",\"path\":\"D:\\\\Playground\\\\Electron\\\\di\\\\dewey-decimal-app\\\\src\\\\db\\\\sql\\\\deweySystemScripts\\\\undefined\"}\n    at Object.error (http://localhost:3000/static/js/main.chunk.js:4222:16)\n    at ReadFileContext.callback (http://localhost:3000/static/js/main.chunk.js:4300:62)\n    at FSReqCallback.readFileAfterOpen [as oncomplete] (fs.js:246:13)"}
{"level":"error","timestamp":"2020-02-13 06:58:03","message":"There was an error creating the database. \n false","stack":"Error: There was an error creating the database. \n false\n    at Object.error (http://localhost:3000/static/js/main.chunk.js:4222:16)\n    at createDatabase (http://localhost:3000/static/js/main.chunk.js:1520:58)\n    at processTicksAndRejections (internal/process/task_queues.js:85:5)"}
{"level":"error","timestamp":"2020-02-13 06:58:03","message":"Catastrophic database startup error. Please try again.","stack":"Error: Catastrophic database startup error. Please try again.\n    at Object.error (http://localhost:3000/static/js/main.chunk.js:4222:16)\n    at setupDatabase (http://localhost:3000/static/js/main.chunk.js:1506:58)\n    at processTicksAndRejections (internal/process/task_queues.js:85:5)"}
{"level":"error","timestamp":"2020-02-13 06:58:03","message":"false","stack":"Error: false\n    at Object.error (http://localhost:3000/static/js/main.chunk.js:4222:16)\n    at setupDatabase (http://localhost:3000/static/js/main.chunk.js:1507:58)\n    at processTicksAndRejections (internal/process/task_queues.js:85:5)"}
{"message":"Stamp[1581569883701] - Closed Db.","level":"info","timestamp":"2020-02-13 06:58:03"}
{"message":"Stamp[1581569883701] - Returned 12 row(s)","level":"info","timestamp":"2020-02-13 06:58:03"}
{"message":"Opening database.","level":"info","timestamp":"2020-02-13 06:58:04"}
{"message":"Stamp[1581569884035] - Running statement \n\tSELECT\n\t\t*\n\tFROM \n\t\tstudent s\n\tWHERE\n\t\ts.is_active = 1;\n with params undefined.","level":"info","timestamp":"2020-02-13 06:58:04"}
{"message":"Stamp[1581569884035] - Closed Db.","level":"info","timestamp":"2020-02-13 06:58:04"}
{"message":"Stamp[1581569884035] - Returned 0 row(s)","level":"info","timestamp":"2020-02-13 06:58:04"}
{"message":"Initializing Database.","level":"info","timestamp":"2020-02-13 06:58:45"}
{"message":"Opening database.","level":"info","timestamp":"2020-02-13 06:58:45"}
{"message":"Stamp[1581569925606] - Running statement PRAGMA table_info(student) with params undefined.","level":"info","timestamp":"2020-02-13 06:58:45"}
{"level":"error","timestamp":"2020-02-13 06:58:45","message":"There was an error loading file sql\\deweySystemScripts\\undefined - {\"errno\":-4058,\"code\":\"ENOENT\",\"syscall\":\"open\",\"path\":\"D:\\\\Playground\\\\Electron\\\\di\\\\dewey-decimal-app\\\\src\\\\db\\\\sql\\\\deweySystemScripts\\\\undefined\"}","stack":"Error: There was an error loading file sql\\deweySystemScripts\\undefined - {\"errno\":-4058,\"code\":\"ENOENT\",\"syscall\":\"open\",\"path\":\"D:\\\\Playground\\\\Electron\\\\di\\\\dewey-decimal-app\\\\src\\\\db\\\\sql\\\\deweySystemScripts\\\\undefined\"}\n    at Object.error (http://localhost:3000/static/js/main.chunk.js:4224:16)\n    at ReadFileContext.callback (http://localhost:3000/static/js/main.chunk.js:4302:62)\n    at FSReqCallback.readFileAfterOpen [as oncomplete] (fs.js:246:13)"}
{"level":"error","timestamp":"2020-02-13 06:58:45","message":"There was an error creating the database. \n false","stack":"Error: There was an error creating the database. \n false\n    at Object.error (http://localhost:3000/static/js/main.chunk.js:4224:16)\n    at createDatabase (http://localhost:3000/static/js/main.chunk.js:1523:58)\n    at processTicksAndRejections (internal/process/task_queues.js:85:5)"}
{"level":"error","timestamp":"2020-02-13 06:58:45","message":"Catastrophic database startup error. Please try again.","stack":"Error: Catastrophic database startup error. Please try again.\n    at Object.error (http://localhost:3000/static/js/main.chunk.js:4224:16)\n    at setupDatabase (http://localhost:3000/static/js/main.chunk.js:1509:58)\n    at processTicksAndRejections (internal/process/task_queues.js:85:5)"}
{"level":"error","timestamp":"2020-02-13 06:58:45","message":"false","stack":"Error: false\n    at Object.error (http://localhost:3000/static/js/main.chunk.js:4224:16)\n    at setupDatabase (http://localhost:3000/static/js/main.chunk.js:1510:58)\n    at processTicksAndRejections (internal/process/task_queues.js:85:5)"}
{"message":"Stamp[1581569925606] - Closed Db.","level":"info","timestamp":"2020-02-13 06:58:45"}
{"message":"Stamp[1581569925606] - Returned 12 row(s)","level":"info","timestamp":"2020-02-13 06:58:45"}
{"message":"Opening database.","level":"info","timestamp":"2020-02-13 06:58:46"}
{"message":"Stamp[1581569926022] - Running statement \n\tSELECT\n\t\t*\n\tFROM \n\t\tstudent s\n\tWHERE\n\t\ts.is_active = 1;\n with params undefined.","level":"info","timestamp":"2020-02-13 06:58:46"}
{"message":"Stamp[1581569926022] - Closed Db.","level":"info","timestamp":"2020-02-13 06:58:46"}
{"message":"Stamp[1581569926022] - Returned 0 row(s)","level":"info","timestamp":"2020-02-13 06:58:46"}
{"message":"Initializing Database.","level":"info","timestamp":"2020-02-13 06:59:08"}
{"message":"Opening database.","level":"info","timestamp":"2020-02-13 06:59:09"}
{"message":"Stamp[1581569949266] - Running statement PRAGMA table_info(student) with params undefined.","level":"info","timestamp":"2020-02-13 06:59:09"}
{"level":"error","timestamp":"2020-02-13 06:59:09","message":"There was an error loading file sql\\deweySystemScripts\\undefined - {\"errno\":-4058,\"code\":\"ENOENT\",\"syscall\":\"open\",\"path\":\"D:\\\\Playground\\\\Electron\\\\di\\\\dewey-decimal-app\\\\src\\\\db\\\\sql\\\\deweySystemScripts\\\\undefined\"}","stack":"Error: There was an error loading file sql\\deweySystemScripts\\undefined - {\"errno\":-4058,\"code\":\"ENOENT\",\"syscall\":\"open\",\"path\":\"D:\\\\Playground\\\\Electron\\\\di\\\\dewey-decimal-app\\\\src\\\\db\\\\sql\\\\deweySystemScripts\\\\undefined\"}\n    at Object.error (http://localhost:3000/static/js/main.chunk.js:4222:16)\n    at ReadFileContext.callback (http://localhost:3000/static/js/main.chunk.js:4300:62)\n    at FSReqCallback.readFileAfterOpen [as oncomplete] (fs.js:246:13)"}
{"level":"error","timestamp":"2020-02-13 06:59:09","message":"There was an error creating the database. \n false","stack":"Error: There was an error creating the database. \n false\n    at Object.error (http://localhost:3000/static/js/main.chunk.js:4222:16)\n    at createDatabase (http://localhost:3000/static/js/main.chunk.js:1521:58)\n    at processTicksAndRejections (internal/process/task_queues.js:85:5)"}
{"level":"error","timestamp":"2020-02-13 06:59:09","message":"Catastrophic database startup error. Please try again.","stack":"Error: Catastrophic database startup error. Please try again.\n    at Object.error (http://localhost:3000/static/js/main.chunk.js:4222:16)\n    at setupDatabase (http://localhost:3000/static/js/main.chunk.js:1507:58)\n    at processTicksAndRejections (internal/process/task_queues.js:85:5)"}
{"level":"error","timestamp":"2020-02-13 06:59:09","message":"false","stack":"Error: false\n    at Object.error (http://localhost:3000/static/js/main.chunk.js:4222:16)\n    at setupDatabase (http://localhost:3000/static/js/main.chunk.js:1508:58)\n    at processTicksAndRejections (internal/process/task_queues.js:85:5)"}
{"message":"Stamp[1581569949266] - Closed Db.","level":"info","timestamp":"2020-02-13 06:59:09"}
{"message":"Stamp[1581569949266] - Returned 12 row(s)","level":"info","timestamp":"2020-02-13 06:59:09"}
{"message":"Opening database.","level":"info","timestamp":"2020-02-13 06:59:09"}
{"message":"Stamp[1581569949676] - Running statement \n\tSELECT\n\t\t*\n\tFROM \n\t\tstudent s\n\tWHERE\n\t\ts.is_active = 1;\n with params undefined.","level":"info","timestamp":"2020-02-13 06:59:09"}
{"message":"Stamp[1581569949676] - Closed Db.","level":"info","timestamp":"2020-02-13 06:59:09"}
{"message":"Stamp[1581569949676] - Returned 0 row(s)","level":"info","timestamp":"2020-02-13 06:59:09"}
{"message":"Initializing Database.","level":"info","timestamp":"2020-02-13 06:59:21"}
{"message":"Opening database.","level":"info","timestamp":"2020-02-13 06:59:21"}
{"message":"Stamp[1581569961462] - Running statement PRAGMA table_info(student) with params undefined.","level":"info","timestamp":"2020-02-13 06:59:21"}
{"level":"error","timestamp":"2020-02-13 06:59:21","message":"There was an error loading file sql\\deweySystemScripts\\undefined - {\"errno\":-4058,\"code\":\"ENOENT\",\"syscall\":\"open\",\"path\":\"D:\\\\Playground\\\\Electron\\\\di\\\\dewey-decimal-app\\\\src\\\\db\\\\sql\\\\deweySystemScripts\\\\undefined\"}","stack":"Error: There was an error loading file sql\\deweySystemScripts\\undefined - {\"errno\":-4058,\"code\":\"ENOENT\",\"syscall\":\"open\",\"path\":\"D:\\\\Playground\\\\Electron\\\\di\\\\dewey-decimal-app\\\\src\\\\db\\\\sql\\\\deweySystemScripts\\\\undefined\"}\n    at Object.error (http://localhost:3000/static/js/main.chunk.js:4223:16)\n    at ReadFileContext.callback (http://localhost:3000/static/js/main.chunk.js:4301:62)\n    at FSReqCallback.readFileAfterOpen [as oncomplete] (fs.js:246:13)"}
{"level":"error","timestamp":"2020-02-13 06:59:21","message":"There was an error creating the database. \n false","stack":"Error: There was an error creating the database. \n false\n    at Object.error (http://localhost:3000/static/js/main.chunk.js:4223:16)\n    at createDatabase (http://localhost:3000/static/js/main.chunk.js:1522:58)\n    at processTicksAndRejections (internal/process/task_queues.js:85:5)"}
{"level":"error","timestamp":"2020-02-13 06:59:21","message":"Catastrophic database startup error. Please try again.","stack":"Error: Catastrophic database startup error. Please try again.\n    at Object.error (http://localhost:3000/static/js/main.chunk.js:4223:16)\n    at setupDatabase (http://localhost:3000/static/js/main.chunk.js:1508:58)\n    at processTicksAndRejections (internal/process/task_queues.js:85:5)"}
{"level":"error","timestamp":"2020-02-13 06:59:21","message":"false","stack":"Error: false\n    at Object.error (http://localhost:3000/static/js/main.chunk.js:4223:16)\n    at setupDatabase (http://localhost:3000/static/js/main.chunk.js:1509:58)\n    at processTicksAndRejections (internal/process/task_queues.js:85:5)"}
{"message":"Stamp[1581569961462] - Closed Db.","level":"info","timestamp":"2020-02-13 06:59:21"}
{"message":"Stamp[1581569961462] - Returned 12 row(s)","level":"info","timestamp":"2020-02-13 06:59:21"}
{"message":"Opening database.","level":"info","timestamp":"2020-02-13 06:59:21"}
{"message":"Stamp[1581569961809] - Running statement \n\tSELECT\n\t\t*\n\tFROM \n\t\tstudent s\n\tWHERE\n\t\ts.is_active = 1;\n with params undefined.","level":"info","timestamp":"2020-02-13 06:59:21"}
{"message":"Stamp[1581569961809] - Closed Db.","level":"info","timestamp":"2020-02-13 06:59:21"}
{"message":"Stamp[1581569961809] - Returned 0 row(s)","level":"info","timestamp":"2020-02-13 06:59:21"}
